<?xml version="1.0" encoding="UTF-8"?>
<!-- Generated by org.testng.reporters.JUnitReportReporter -->
<testsuite skipped="0" hostname="welcome-PC" name="Runner.TestRunner" tests="1" failures="0" timestamp="06 Jul 2019 22:17:05 GMT" time="14.393" errors="0">
  <testcase name="feature" time="14.393" classname="Runner.TestRunner"/>
</testsuite> <!-- Runner.TestRunner -->
